# JRE version: OpenJDK Runtime Environment (8.0_152-b02) (build 1.8.0_152-release-1024-b02)
# Java VM: OpenJDK 64-Bit Server VM (25.152-b02 mixed mode windows-amd64 compressed oops)
Heap:
 PSYoungGen      total 161280K, used 69604K [0x00000000e0000000, 0x00000000eb580000, 0x0000000100000000)
  eden space 142848K, 40% used [0x00000000e0000000,0x00000000e3854f58,0x00000000e8b80000)
  from space 18432K, 64% used [0x00000000ea380000,0x00000000eaf24450,0x00000000eb580000)
  to   space 21504K, 0% used [0x00000000e8b80000,0x00000000e8b80000,0x00000000ea080000)
 ParOldGen       total 90624K, used 50075K [0x00000000a0000000, 0x00000000a5880000, 0x00000000e0000000)
  object space 90624K, 55% used [0x00000000a0000000,0x00000000a30e6ca8,0x00000000a5880000)
 Metaspace       used 71030K, capacity 73984K, committed 74200K, reserved 1114112K
  class space    used 9216K, capacity 9955K, committed 9984K, reserved 1048576K
GC Heap History (10 events):
Event: 176.722 GC heap before
{Heap before GC invocations=19 (full 3):
 PSYoungGen      total 110592K, used 16878K [0x00000000e0000000, 0x00000000e9600000, 0x0000000100000000)
  eden space 93696K, 0% used [0x00000000e0000000,0x00000000e0000000,0x00000000e5b80000)
  from space 16896K, 99% used [0x00000000e6f80000,0x00000000e7ffbbe8,0x00000000e8000000)
  to   space 20480K, 0% used [0x00000000e5b80000,0x00000000e5b80000,0x00000000e6f80000)
 ParOldGen       total 62976K, used 25319K [0x00000000a0000000, 0x00000000a3d80000, 0x00000000e0000000)
  object space 62976K, 40% used [0x00000000a0000000,0x00000000a18b9f08,0x00000000a3d80000)
 Metaspace       used 57312K, capacity 59004K, committed 59028K, reserved 1099776K
  class space    used 7757K, capacity 8183K, committed 8192K, reserved 1048576K
Event: 177.386 GC heap after
Heap after GC invocations=19 (full 3):
 PSYoungGen      total 110592K, used 0K [0x00000000e0000000, 0x00000000e9600000, 0x0000000100000000)
  eden space 93696K, 0% used [0x00000000e0000000,0x00000000e0000000,0x00000000e5b80000)
  from space 16896K, 0% used [0x00000000e6f80000,0x00000000e6f80000,0x00000000e8000000)
  to   space 20480K, 0% used [0x00000000e5b80000,0x00000000e5b80000,0x00000000e6f80000)
 ParOldGen       total 90624K, used 35575K [0x00000000a0000000, 0x00000000a5880000, 0x00000000e0000000)
  object space 90624K, 39% used [0x00000000a0000000,0x00000000a22bdcb0,0x00000000a5880000)
 Metaspace       used 57312K, capacity 59004K, committed 59028K, reserved 1099776K
  class space    used 7757K, capacity 8183K, committed 8192K, reserved 1048576K
}
Event: 183.887 GC heap before
{Heap before GC invocations=20 (full 3):
 PSYoungGen      total 110592K, used 93696K [0x00000000e0000000, 0x00000000e9600000, 0x0000000100000000)
  eden space 93696K, 100% used [0x00000000e0000000,0x00000000e5b80000,0x00000000e5b80000)
  from space 16896K, 0% used [0x00000000e6f80000,0x00000000e6f80000,0x00000000e8000000)
  to   space 20480K, 0% used [0x00000000e5b80000,0x00000000e5b80000,0x00000000e6f80000)
 ParOldGen       total 90624K, used 35575K [0x00000000a0000000, 0x00000000a5880000, 0x00000000e0000000)
  object space 90624K, 39% used [0x00000000a0000000,0x00000000a22bdcb0,0x00000000a5880000)
 Metaspace       used 59716K, capacity 61542K, committed 61656K, reserved 1101824K
  class space    used 8110K, capacity 8604K, committed 8704K, reserved 1048576K
Event: 183.955 GC heap after
Heap after GC invocations=20 (full 3):
 PSYoungGen      total 114176K, used 12261K [0x00000000e0000000, 0x00000000e9b00000, 0x0000000100000000)
  eden space 93696K, 0% used [0x00000000e0000000,0x00000000e0000000,0x00000000e5b80000)
  from space 20480K, 59% used [0x00000000e5b80000,0x00000000e67796b8,0x00000000e6f80000)
  to   space 20480K, 0% used [0x00000000e8700000,0x00000000e8700000,0x00000000e9b00000)
 ParOldGen       total 90624K, used 35583K [0x00000000a0000000, 0x00000000a5880000, 0x00000000e0000000)
  object space 90624K, 39% used [0x00000000a0000000,0x00000000a22bfcb0,0x00000000a5880000)
 Metaspace       used 59716K, capacity 61542K, committed 61656K, reserved 1101824K
  class space    used 8110K, capacity 8604K, committed 8704K, reserved 1048576K
}
Event: 1626.906 GC heap before
{Heap before GC invocations=21 (full 3):
 PSYoungGen      total 114176K, used 105957K [0x00000000e0000000, 0x00000000e9b00000, 0x0000000100000000)
  eden space 93696K, 100% used [0x00000000e0000000,0x00000000e5b80000,0x00000000e5b80000)
  from space 20480K, 59% used [0x00000000e5b80000,0x00000000e67796b8,0x00000000e6f80000)
  to   space 20480K, 0% used [0x00000000e8700000,0x00000000e8700000,0x00000000e9b00000)
 ParOldGen       total 90624K, used 35583K [0x00000000a0000000, 0x00000000a5880000, 0x00000000e0000000)
  object space 90624K, 39% used [0x00000000a0000000,0x00000000a22bfcb0,0x00000000a5880000)
 Metaspace       used 64802K, capacity 67094K, committed 67416K, reserved 1107968K
  class space    used 8602K, capacity 9219K, committed 9344K, reserved 1048576K
Event: 1658.972 GC heap after
Heap after GC invocations=21 (full 3):
 PSYoungGen      total 136192K, used 17156K [0x00000000e0000000, 0x00000000e9f80000, 0x0000000100000000)
  eden space 115712K, 0% used [0x00000000e0000000,0x00000000e0000000,0x00000000e7100000)
  from space 20480K, 83% used [0x00000000e8700000,0x00000000e97c12d0,0x00000000e9b00000)
  to   space 22528K, 0% used [0x00000000e7100000,0x00000000e7100000,0x00000000e8700000)
 ParOldGen       total 90624K, used 35610K [0x00000000a0000000, 0x00000000a5880000, 0x00000000e0000000)
  object space 90624K, 39% used [0x00000000a0000000,0x00000000a22c6900,0x00000000a5880000)
 Metaspace       used 64802K, capacity 67094K, committed 67416K, reserved 1107968K
  class space    used 8602K, capacity 9219K, committed 9344K, reserved 1048576K
}
Event: 2329.423 GC heap before
{Heap before GC invocations=22 (full 3):
 PSYoungGen      total 136192K, used 132868K [0x00000000e0000000, 0x00000000e9f80000, 0x0000000100000000)
  eden space 115712K, 100% used [0x00000000e0000000,0x00000000e7100000,0x00000000e7100000)
  from space 20480K, 83% used [0x00000000e8700000,0x00000000e97c12d0,0x00000000e9b00000)
  to   space 22528K, 0% used [0x00000000e7100000,0x00000000e7100000,0x00000000e8700000)
 ParOldGen       total 90624K, used 35610K [0x00000000a0000000, 0x00000000a5880000, 0x00000000e0000000)
  object space 90624K, 39% used [0x00000000a0000000,0x00000000a22c6900,0x00000000a5880000)
 Metaspace       used 65896K, capacity 68608K, committed 68824K, reserved 1107968K
  class space    used 8674K, capacity 9401K, committed 9472K, reserved 1048576K
Event: 2340.575 GC heap after
Heap after GC invocations=22 (full 3):
 PSYoungGen      total 138240K, used 5264K [0x00000000e0000000, 0x00000000eb900000, 0x0000000100000000)
  eden space 115712K, 0% used [0x00000000e0000000,0x00000000e0000000,0x00000000e7100000)
  from space 22528K, 23% used [0x00000000e7100000,0x00000000e7624030,0x00000000e8700000)
  to   space 22016K, 0% used [0x00000000ea380000,0x00000000ea380000,0x00000000eb900000)
 ParOldGen       total 90624K, used 49087K [0x00000000a0000000, 0x00000000a5880000, 0x00000000e0000000)
  object space 90624K, 54% used [0x00000000a0000000,0x00000000a2fefc08,0x00000000a5880000)
 Metaspace       used 65896K, capacity 68608K, committed 68824K, reserved 1107968K
  class space    used 8674K, capacity 9401K, committed 9472K, reserved 1048576K
}
Event: 2563.743 GC heap before
{Heap before GC invocations=23 (full 3):
 PSYoungGen      total 138240K, used 120976K [0x00000000e0000000, 0x00000000eb900000, 0x0000000100000000)
  eden space 115712K, 100% used [0x00000000e0000000,0x00000000e7100000,0x00000000e7100000)
  from space 22528K, 23% used [0x00000000e7100000,0x00000000e7624030,0x00000000e8700000)
  to   space 22016K, 0% used [0x00000000ea380000,0x00000000ea380000,0x00000000eb900000)
 ParOldGen       total 90624K, used 49087K [0x00000000a0000000, 0x00000000a5880000, 0x00000000e0000000)
  object space 90624K, 54% used [0x00000000a0000000,0x00000000a2fefc08,0x00000000a5880000)
 Metaspace       used 68357K, capacity 71276K, committed 71384K, reserved 1112064K
  class space    used 8944K, capacity 9709K, committed 9728K, reserved 1048576K
Event: 2564.568 GC heap after
Heap after GC invocations=23 (full 3):
 PSYoungGen      total 161280K, used 11921K [0x00000000e0000000, 0x00000000eb580000, 0x0000000100000000)
  eden space 142848K, 0% used [0x00000000e0000000,0x00000000e0000000,0x00000000e8b80000)
  from space 18432K, 64% used [0x00000000ea380000,0x00000000eaf24450,0x00000000eb580000)
  to   space 21504K, 0% used [0x00000000e8b80000,0x00000000e8b80000,0x00000000ea080000)
 ParOldGen       total 90624K, used 50075K [0x00000000a0000000, 0x00000000a5880000, 0x00000000e0000000)
  object space 90624K, 55% used [0x00000000a0000000,0x00000000a30e6ca8,0x00000000a5880000)
 Metaspace       used 68357K, capacity 71276K, committed 71384K, reserved 1112064K
  class space    used 8944K, capacity 9709K, committed 9728K, reserved 1048576K
}

